!SESSION 2011-12-07 18:36:02.426 -----------------------------------------------
eclipse.buildId=unknown
java.version=1.6.0_29
java.vendor=Sun Microsystems Inc.
BootLoader constants: OS=linux, ARCH=x86_64, WS=gtk, NL=de_DE
Framework arguments:  -product de.bht.fpa.mail.s769161.product
Command-line arguments:  -product de.bht.fpa.mail.s769161.product -data /home/siok/Desktop/FPA_ROOT_DUBOIS/../runtime-de.bht.fpa.mail.s769161.product -dev file:/home/siok/Desktop/FPA_ROOT_DUBOIS/.metadata/.plugins/org.eclipse.pde.core/de.bht.fpa.mail.s769161.product/dev.properties -os linux -ws gtk -arch x86_64 -consoleLog

!ENTRY org.eclipse.equinox.app 0 0 2011-12-07 18:36:04.463
!MESSAGE Product de.bht.fpa.mail.s769161.product could not be found.

!ENTRY org.eclipse.osgi 2 0 2011-12-07 18:36:04.499
!MESSAGE One or more bundles are not resolved because the following root constraints are not resolved:
!SUBENTRY 1 org.eclipse.osgi 2 0 2011-12-07 18:36:04.499
!MESSAGE Bundle initial@reference:file:../Desktop/FPA_ROOT_DUBOIS/de.bht.fpa.mail.s769161.messagetable/ was not resolved.
!SUBENTRY 2 de.bht.fpa.mail.s769161.messagetable 2 0 2011-12-07 18:36:04.499
!MESSAGE Missing required bundle de.bht.fpa.mail.s769161.statuslog_1.0.0.

!ENTRY org.eclipse.osgi 2 0 2011-12-07 18:36:04.500
!MESSAGE The following is a complete list of bundles which are not resolved, see the prior log entry for the root cause if it exists:
!SUBENTRY 1 org.eclipse.osgi 2 0 2011-12-07 18:36:04.501
!MESSAGE Bundle de.bht.fpa.mail.s769161_1.0.0.qualifier [29] was not resolved.
!SUBENTRY 2 de.bht.fpa.mail.s769161 2 0 2011-12-07 18:36:04.501
!MESSAGE Missing required bundle de.bht.fpa.mail.s769161.messagetable_1.0.0.
!SUBENTRY 1 org.eclipse.osgi 2 0 2011-12-07 18:36:04.501
!MESSAGE Bundle de.bht.fpa.mail.s769161.messagetable_1.0.0.qualifier [37] was not resolved.
!SUBENTRY 2 de.bht.fpa.mail.s769161.messagetable 2 0 2011-12-07 18:36:04.501
!MESSAGE Missing required bundle de.bht.fpa.mail.s769161.statuslog_1.0.0.

!ENTRY org.eclipse.osgi 2 0 2011-12-07 18:36:04.518
!MESSAGE One or more bundles are not resolved because the following root constraints are not resolved:
!SUBENTRY 1 org.eclipse.osgi 2 0 2011-12-07 18:36:04.518
!MESSAGE Bundle initial@reference:file:../Desktop/FPA_ROOT_DUBOIS/de.bht.fpa.mail.s769161.messagetable/ was not resolved.
!SUBENTRY 2 de.bht.fpa.mail.s769161.messagetable 2 0 2011-12-07 18:36:04.519
!MESSAGE Missing required bundle de.bht.fpa.mail.s769161.statuslog_1.0.0.

!ENTRY org.eclipse.osgi 2 0 2011-12-07 18:36:04.521
!MESSAGE The following is a complete list of bundles which are not resolved, see the prior log entry for the root cause if it exists:
!SUBENTRY 1 org.eclipse.osgi 2 0 2011-12-07 18:36:04.521
!MESSAGE Bundle de.bht.fpa.mail.s769161_1.0.0.qualifier [29] was not resolved.
!SUBENTRY 2 de.bht.fpa.mail.s769161 2 0 2011-12-07 18:36:04.521
!MESSAGE Missing required bundle de.bht.fpa.mail.s769161.messagetable_1.0.0.
!SUBENTRY 1 org.eclipse.osgi 2 0 2011-12-07 18:36:04.521
!MESSAGE Bundle de.bht.fpa.mail.s769161.messagetable_1.0.0.qualifier [37] was not resolved.
!SUBENTRY 2 de.bht.fpa.mail.s769161.messagetable 2 0 2011-12-07 18:36:04.522
!MESSAGE Missing required bundle de.bht.fpa.mail.s769161.statuslog_1.0.0.

!ENTRY org.eclipse.osgi 4 0 2011-12-07 18:36:04.527
!MESSAGE Application error
!STACK 1
java.lang.RuntimeException: No application id has been found.
	at org.eclipse.equinox.internal.app.EclipseAppContainer.startDefaultApp(EclipseAppContainer.java:242)
	at org.eclipse.equinox.internal.app.MainApplicationLauncher.run(MainApplicationLauncher.java:29)
	at org.eclipse.core.runtime.internal.adaptor.EclipseAppLauncher.runApplication(EclipseAppLauncher.java:110)
	at org.eclipse.core.runtime.internal.adaptor.EclipseAppLauncher.start(EclipseAppLauncher.java:79)
	at org.eclipse.core.runtime.adaptor.EclipseStarter.run(EclipseStarter.java:344)
	at org.eclipse.core.runtime.adaptor.EclipseStarter.run(EclipseStarter.java:179)
	at sun.reflect.NativeMethodAccessorImpl.invoke0(Native Method)
	at sun.reflect.NativeMethodAccessorImpl.invoke(Unknown Source)
	at sun.reflect.DelegatingMethodAccessorImpl.invoke(Unknown Source)
	at java.lang.reflect.Method.invoke(Unknown Source)
	at org.eclipse.equinox.launcher.Main.invokeFramework(Main.java:622)
	at org.eclipse.equinox.launcher.Main.basicRun(Main.java:577)
	at org.eclipse.equinox.launcher.Main.run(Main.java:1410)
	at org.eclipse.equinox.launcher.Main.main(Main.java:1386)
